{
  "stats": {
    "suites": 1,
    "tests": 4,
    "passes": 4,
    "pending": 0,
    "failures": 0,
    "start": "2025-12-01T18:02:43.496Z",
    "end": "2025-12-01T18:02:53.486Z",
    "duration": 9990,
    "testsRegistered": 4,
    "passPercent": 100,
    "pendingPercent": 0,
    "other": 0,
    "hasOther": false,
    "skipped": 0,
    "hasSkipped": false
  },
  "results": [
    {
      "uuid": "799bfa7c-1466-4288-91f7-c414531017bf",
      "title": "",
      "fullFile": "cypress\\e2e\\ProvaLab.cy.js",
      "file": "cypress\\e2e\\ProvaLab.cy.js",
      "beforeHooks": [],
      "afterHooks": [],
      "tests": [],
      "suites": [
        {
          "uuid": "aa80dd50-9e50-4f63-9571-2ea8540f4fd8",
          "title": "Testes - The Internet (Herokuapp)",
          "fullFile": "",
          "file": "",
          "beforeHooks": [],
          "afterHooks": [],
          "tests": [
            {
              "title": "1 - Login com sucesso",
              "fullTitle": "Testes - The Internet (Herokuapp) 1 - Login com sucesso",
              "timedOut": null,
              "duration": 5380,
              "state": "passed",
              "speed": "medium",
              "pass": true,
              "fail": false,
              "pending": false,
              "context": null,
              "code": "loginInternet('tomsmith', 'SuperSecretPassword!');\ncy.get('.flash').should('be.visible').and('contain.text', 'You logged into a secure area!');",
              "err": {},
              "uuid": "55c0a246-9a13-4e00-83de-e3f84d283c8d",
              "parentUUID": "aa80dd50-9e50-4f63-9571-2ea8540f4fd8",
              "isHook": false,
              "skipped": false
            },
            {
              "title": "2 - Login com falha (senha incorreta)",
              "fullTitle": "Testes - The Internet (Herokuapp) 2 - Login com falha (senha incorreta)",
              "timedOut": null,
              "duration": 2020,
              "state": "passed",
              "speed": "fast",
              "pass": true,
              "fail": false,
              "pending": false,
              "context": null,
              "code": "loginInternet('tomsmith', 'senha_errada');\ncy.get('.flash').should('be.visible').and('contain.text', 'Your password is invalid!');",
              "err": {},
              "uuid": "1425421c-75e6-4c83-b10d-f40d7a49762b",
              "parentUUID": "aa80dd50-9e50-4f63-9571-2ea8540f4fd8",
              "isHook": false,
              "skipped": false
            },
            {
              "title": "3 - Adicionar três elementos",
              "fullTitle": "Testes - The Internet (Herokuapp) 3 - Adicionar três elementos",
              "timedOut": null,
              "duration": 1176,
              "state": "passed",
              "speed": "fast",
              "pass": true,
              "fail": false,
              "pending": false,
              "context": null,
              "code": "cy.visit('/add_remove_elements/');\nfor (let i = 0; i < 3; i++) {\n  cy.contains('Add Element').click();\n}\ncy.get('.added-manually').should('have.length', 3);",
              "err": {},
              "uuid": "2bb90d1a-f43c-43a9-a3d3-2d746a2b5b51",
              "parentUUID": "aa80dd50-9e50-4f63-9571-2ea8540f4fd8",
              "isHook": false,
              "skipped": false
            },
            {
              "title": "4 - Remover um elemento",
              "fullTitle": "Testes - The Internet (Herokuapp) 4 - Remover um elemento",
              "timedOut": null,
              "duration": 1174,
              "state": "passed",
              "speed": "fast",
              "pass": true,
              "fail": false,
              "pending": false,
              "context": null,
              "code": "cy.visit('/add_remove_elements/');\nfor (let i = 0; i < 3; i++) {\n  cy.contains('Add Element').click();\n}\ncy.get('.added-manually').should('have.length', 3);\ncy.get('.added-manually').first().click();\ncy.get('.added-manually').should('have.length', 2);",
              "err": {},
              "uuid": "521acd0c-5dd0-46dc-8650-669f3e5e0414",
              "parentUUID": "aa80dd50-9e50-4f63-9571-2ea8540f4fd8",
              "isHook": false,
              "skipped": false
            }
          ],
          "suites": [],
          "passes": [
            "55c0a246-9a13-4e00-83de-e3f84d283c8d",
            "1425421c-75e6-4c83-b10d-f40d7a49762b",
            "2bb90d1a-f43c-43a9-a3d3-2d746a2b5b51",
            "521acd0c-5dd0-46dc-8650-669f3e5e0414"
          ],
          "failures": [],
          "pending": [],
          "skipped": [],
          "duration": 9750,
          "root": false,
          "rootEmpty": false,
          "_timeout": 2000
        }
      ],
      "passes": [],
      "failures": [],
      "pending": [],
      "skipped": [],
      "duration": 0,
      "root": true,
      "rootEmpty": true,
      "_timeout": 2000
    }
  ],
  "meta": {
    "mocha": {
      "version": "7.2.0"
    },
    "mochawesome": {
      "options": {
        "quiet": false,
        "reportFilename": "mochawesome",
        "saveHtml": true,
        "saveJson": true,
        "consoleReporter": "spec",
        "useInlineDiffs": false,
        "code": true
      },
      "version": "7.1.4"
    },
    "marge": {
      "options": {
        "reportDir": "cypress/reports",
        "overwrite": false,
        "html": true,
        "json": true
      },
      "version": "6.3.2"
    }
  }
}